<?xml version="1.0" encoding="UTF-8"?>
<!-- Generated by org.testng.reporters.JUnitXMLReporter -->
<testsuite ignored="0" hostname="DESKTOP-DKVFQQ5" failures="0" tests="4" name="Default test" time="39.726" errors="0" timestamp="2023-04-01T19:20:44 IST">
  <testcase classname="demo.naukri.LoginTest" name="TestLog" time="9.31"/>
  <testcase classname="demo.naukri.LoginTest" name="TestLog" time="7.383"/>
  <testcase classname="demo.naukri.LoginTest" name="TestLog" time="7.237"/>
  <testcase classname="demo.naukri.LoginTest" name="TestLog" time="14.316"/>
</testsuite> <!-- Default test -->
